<?xml version="1.0" encoding="UTF-8"?>
<testsuite name="com.virtuslab.internship.discount.FifteenPercentDiscountTest" tests="1" skipped="0" failures="0" errors="0" timestamp="2022-04-16T20:58:30" hostname="DELL-FHOSTKE" time="0.021">
  <properties/>
  <testcase name="shouldApply15PercentDiscountAndThenAdd10PercentDiscountWhenPriceIsAbove50()" classname="com.virtuslab.internship.discount.FifteenPercentDiscountTest" time="0.021"/>
  <system-out><![CDATA[]]></system-out>
  <system-err><![CDATA[]]></system-err>
</testsuite>
